<?xml version="1.0" encoding="UTF-8"?>
<!-- Generated by org.testng.reporters.JUnitReportReporter -->
<testsuite skipped="0" hostname="DESKTOP-TY" name="ExtentReporV2.VerifyTitle" tests="1" failures="0" timestamp="2020-03-21T20:00:56 CDT" time="39.840" errors="0">
  <testcase name="verifyBlogTitle" time="39.840" classname="ExtentReporV2.VerifyTitle"/>
  <system-out/>
</testsuite> <!-- ExtentReporV2.VerifyTitle -->
