<?xml version="1.0" encoding="UTF-8"?>
<!-- Generated by org.testng.reporters.JUnitReportReporter -->
<testsuite skipped="0" hostname="DESKTOP-TY" name="softwareTestingMaterial.ExtentReportClass" tests="1" failures="0" timestamp="2020-03-20T19:53:07 CDT" time="0.025" errors="0">
  <testcase name="passTest" time="0.025" classname="softwareTestingMaterial.ExtentReportClass"/>
  <system-out/>
</testsuite> <!-- softwareTestingMaterial.ExtentReportClass -->
